<?xml version="1.0" encoding="UTF-8"?>
<testng-results ignored="0" total="1" passed="1" failed="0" skipped="0">
  <reporter-output>
  </reporter-output>
  <suite started-at="2024-03-14T23:02:08 CDT" name="Default suite" finished-at="2024-03-14T23:02:34 CDT" duration-ms="26166">
    <groups>
    </groups>
    <test started-at="2024-03-14T23:02:08 CDT" name="Default test" finished-at="2024-03-14T23:02:34 CDT" duration-ms="26166">
      <class name="com.mobile.tests.HomeTest">
        <test-method is-config="true" signature="startServer()[pri:0, instance:com.mobile.tests.HomeTest@2ab4bc72]" started-at="2024-03-14T23:02:02 CDT" name="startServer" finished-at="2024-03-14T23:02:08 CDT" duration-ms="6050" status="PASS">
          <reporter-output>
          </reporter-output>
        </test-method> <!-- startServer -->
        <test-method signature="firstTest()[pri:0, instance:com.mobile.tests.HomeTest@2ab4bc72]" started-at="2024-03-14T23:02:08 CDT" name="firstTest" finished-at="2024-03-14T23:02:34 CDT" duration-ms="26083" status="PASS">
          <reporter-output>
          </reporter-output>
        </test-method> <!-- firstTest -->
        <test-method is-config="true" signature="stopServer()[pri:0, instance:com.mobile.tests.HomeTest@2ab4bc72]" started-at="2024-03-14T23:02:35 CDT" name="stopServer" finished-at="2024-03-14T23:02:39 CDT" duration-ms="4889" status="PASS">
          <reporter-output>
          </reporter-output>
        </test-method> <!-- stopServer -->
      </class> <!-- com.mobile.tests.HomeTest -->
    </test> <!-- Default test -->
  </suite> <!-- Default suite -->
</testng-results>
